[2024-12-06T11:31:45.026+0000] {taskinstance.py:1103} INFO - Dependencies all met for dep_context=non-requeueable deps ti=<TaskInstance: etl_pipeline_dag.run_etl_pipeline manual__2024-12-06T11:31:44.064480+00:00 [queued]>
[2024-12-06T11:31:45.031+0000] {taskinstance.py:1103} INFO - Dependencies all met for dep_context=requeueable deps ti=<TaskInstance: etl_pipeline_dag.run_etl_pipeline manual__2024-12-06T11:31:44.064480+00:00 [queued]>
[2024-12-06T11:31:45.031+0000] {taskinstance.py:1308} INFO - Starting attempt 1 of 2
[2024-12-06T11:31:45.038+0000] {taskinstance.py:1327} INFO - Executing <Task(PythonOperator): run_etl_pipeline> on 2024-12-06 11:31:44.064480+00:00
[2024-12-06T11:31:45.041+0000] {standard_task_runner.py:57} INFO - Started process 296 to run task
[2024-12-06T11:31:45.043+0000] {standard_task_runner.py:84} INFO - Running: ['airflow', 'tasks', 'run', 'etl_pipeline_dag', 'run_etl_pipeline', 'manual__2024-12-06T11:31:44.064480+00:00', '--job-id', '15', '--raw', '--subdir', 'DAGS_FOLDER/etl_pipeline_dag.py', '--cfg-path', '/tmp/tmp4lg74yau']
[2024-12-06T11:31:45.044+0000] {standard_task_runner.py:85} INFO - Job 15: Subtask run_etl_pipeline
[2024-12-06T11:31:45.077+0000] {task_command.py:410} INFO - Running <TaskInstance: etl_pipeline_dag.run_etl_pipeline manual__2024-12-06T11:31:44.064480+00:00 [running]> on host 17cb5735e503
[2024-12-06T11:31:45.131+0000] {taskinstance.py:1547} INFO - Exporting env vars: AIRFLOW_CTX_DAG_OWNER='airflow' AIRFLOW_CTX_DAG_ID='etl_pipeline_dag' AIRFLOW_CTX_TASK_ID='run_etl_pipeline' AIRFLOW_CTX_EXECUTION_DATE='2024-12-06T11:31:44.064480+00:00' AIRFLOW_CTX_TRY_NUMBER='1' AIRFLOW_CTX_DAG_RUN_ID='manual__2024-12-06T11:31:44.064480+00:00'
[2024-12-06T11:31:45.132+0000] {logging_mixin.py:150} INFO - Starting ETL pipeline...
[2024-12-06T11:31:45.132+0000] {logging_mixin.py:150} INFO - Extracting data...
[2024-12-06T11:31:46.307+0000] {logging_mixin.py:150} INFO - Data extracted successfully!
[2024-12-06T11:31:46.307+0000] {logging_mixin.py:150} INFO - Transforming data...
[2024-12-06T11:31:46.540+0000] {logging_mixin.py:150} INFO - Data transformed successfully!
[2024-12-06T11:31:46.540+0000] {logging_mixin.py:150} INFO - Loading data...
[2024-12-06T11:31:57.693+0000] {logging_mixin.py:150} INFO - Data loaded successfully!
[2024-12-06T11:31:57.694+0000] {logging_mixin.py:150} INFO - ETL pipeline completed successfully!
[2024-12-06T11:31:57.717+0000] {python.py:183} INFO - Done. Returned value was: None
[2024-12-06T11:31:57.726+0000] {taskinstance.py:1350} INFO - Marking task as SUCCESS. dag_id=etl_pipeline_dag, task_id=run_etl_pipeline, execution_date=20241206T113144, start_date=20241206T113145, end_date=20241206T113157
[2024-12-06T11:31:57.791+0000] {local_task_job_runner.py:225} INFO - Task exited with return code 0
[2024-12-06T11:31:57.802+0000] {taskinstance.py:2653} INFO - 0 downstream tasks scheduled from follow-on schedule check
